#
# A fatal error has been detected by the Java Runtime Environment:
#
#  EXCEPTION_UNCAUGHT_CXX_EXCEPTION (0xe06d7363) at pc=0x767fc41f, pid=6836, tid=1624
#
# JRE version: Java(TM) SE Runtime Environment (7.0_45-b18) (build 1.7.0_45-b18)
# Java VM: Java HotSpot(TM) Client VM (24.45-b08 mixed mode, sharing windows-x86 )
# Problematic frame:
# C  [KERNELBASE.dll+0xc41f]
#
# Failed to write core dump. Minidumps are not enabled by default on client versions of Windows
#
# If you would like to submit a bug report, please visit:
#   http://bugreport.sun.com/bugreport/crash.jsp
# The crash happened outside the Java Virtual Machine in native code.
# See problematic frame for where to report the bug.
#

---------------  T H R E A D  ---------------

Current thread (0x051bd000):  JavaThread "Thread-3" [_thread_in_native, id=1624, stack(0x05b20000,0x05b70000)]

siginfo: ExceptionCode=0xe06d7363, ExceptionInformation=0x19930520 0x05b5dabc 0x54a24a88 

Registers:
EAX=0x05b5da18, EBX=0x00000034, ECX=0x00000003, EDX=0x00000000
ESP=0x05b5da18, EBP=0x05b5da68, ESI=0x05b6db60, EDI=0x5ada3a30
EIP=0x767fc41f, EFLAGS=0x00000216

Top of Stack: (sp=0x05b5da18)
0x05b5da18:   e06d7363 00000001 00000000 767fc41f
0x05b5da28:   00000003 19930520 05b5dabc 54a24a88
0x05b5da38:   00000000 613d4d18 05b5db20 05b5da2c
0x05b5da48:   05b5db20 0000002e 05b5da70 548540fe
0x05b5da58:   613d4d18 613d4ce0 0000002e 05b6db60
0x05b5da68:   05b5daa0 5adb872d e06d7363 00000001
0x05b5da78:   00000003 05b5da94 e06d7363 00000001
0x05b5da88:   00000000 00000000 00000003 19930520 

Instructions: (pc=0x767fc41f)
0x767fc3ff:   02 50 ff 75 14 8d 45 c4 50 e8 55 ad 02 00 83 c4
0x767fc40f:   0c eb 03 89 45 c0 8d 45 b0 50 ff 15 5c 11 7f 76
0x767fc41f:   c9 c2 10 00 cc cc cc cc cc 8b ff 55 8b ec 56 8b
0x767fc42f:   75 08 83 fe f4 72 18 83 fe f6 77 13 8d 45 08 50 


Register to memory mapping:

EAX=0x05b5da18 is pointing into the stack for thread: 0x051bd000
EBX=0x00000034 is an unknown value
ECX=0x00000003 is an unknown value
EDX=0x00000000 is an unknown value
ESP=0x05b5da18 is pointing into the stack for thread: 0x051bd000
EBP=0x05b5da68 is pointing into the stack for thread: 0x051bd000
ESI=0x05b6db60 is pointing into the stack for thread: 0x051bd000
EDI=0x5ada3a30 is an unknown value


Stack: [0x05b20000,0x05b70000],  sp=0x05b5da18,  free space=246k
Native frames: (J=compiled Java code, j=interpreted, Vv=VM code, C=native code)
C  [KERNELBASE.dll+0xc41f]
C  [msvcr100.dll+0x2872d]

Java frames: (J=compiled Java code, j=interpreted, Vv=VM code)
J  com.googlecode.javacv.cpp.opencv_imgproc.cvSmooth(Lcom/googlecode/javacv/cpp/opencv_core$CvArr;Lcom/googlecode/javacv/cpp/opencv_core$CvArr;IIIDD)V
J  com.googlecode.javacv.cpp.opencv_imgproc.cvSmooth(Lcom/googlecode/javacv/cpp/opencv_core$CvArr;Lcom/googlecode/javacv/cpp/opencv_core$CvArr;II)V
j  wrk.WrkStreamVisualiseurDetectColor.run()V+120
v  ~StubRoutines::call_stub

---------------  P R O C E S S  ---------------

Java Threads: ( => current thread )
  0x09e13400 JavaThread "Direct Clip" daemon [_thread_blocked, id=5616, stack(0x07920000,0x07970000)]
  0x09dc5c00 JavaThread "Thread-8" [_thread_in_Java, id=6724, stack(0x0a170000,0x0a1c0000)]
  0x09d1f800 JavaThread "Thread-11" daemon [_thread_in_native, id=6732, stack(0x0a1e0000,0x0a230000)]
  0x050ef400 JavaThread "Direct Clip" daemon [_thread_blocked, id=4500, stack(0x09fd0000,0x0a020000)]
  0x051ce000 JavaThread "Direct Clip" daemon [_thread_blocked, id=6068, stack(0x062f0000,0x06340000)]
  0x051c9c00 JavaThread "Java Sound Event Dispatcher" daemon [_thread_blocked, id=1124, stack(0x05be0000,0x05c30000)]
=>0x051bd000 JavaThread "Thread-3" [_thread_in_native, id=1624, stack(0x05b20000,0x05b70000)]
  0x0021c800 JavaThread "DestroyJavaVM" [_thread_blocked, id=6896, stack(0x002f0000,0x00340000)]
  0x050a9400 JavaThread "AWT-EventQueue-0" [_thread_blocked, id=392, stack(0x058e0000,0x05930000)]
  0x05097c00 JavaThread "AWT-Windows" daemon [_thread_in_native, id=4928, stack(0x055d0000,0x05620000)]
  0x05097000 JavaThread "AWT-Shutdown" [_thread_blocked, id=416, stack(0x05360000,0x053b0000)]
  0x05094800 JavaThread "Java2D Disposer" daemon [_thread_blocked, id=6648, stack(0x04e00000,0x04e50000)]
  0x00dd9400 JavaThread "Service Thread" daemon [_thread_blocked, id=6180, stack(0x04bd0000,0x04c20000)]
  0x00dd4c00 JavaThread "C1 CompilerThread0" daemon [_thread_blocked, id=6232, stack(0x04ed0000,0x04f20000)]
  0x00dd3c00 JavaThread "Attach Listener" daemon [_thread_blocked, id=6348, stack(0x04da0000,0x04df0000)]
  0x00d67800 JavaThread "Signal Dispatcher" daemon [_thread_blocked, id=3560, stack(0x04e50000,0x04ea0000)]
  0x00d60000 JavaThread "Finalizer" daemon [_thread_blocked, id=4264, stack(0x049b0000,0x04a00000)]
  0x00d5e800 JavaThread "Reference Handler" daemon [_thread_blocked, id=6668, stack(0x04930000,0x04980000)]

Other Threads:
  0x00d5cc00 VMThread [stack: 0x04b70000,0x04bc0000] [id=4540]
  0x00debc00 WatcherThread [stack: 0x04f60000,0x04fb0000] [id=6860]

VM state:not at safepoint (normal execution)

VM Mutex/Monitor currently owned by a thread: None

Heap
 def new generation   total 4928K, used 3925K [0x24330000, 0x24880000, 0x29880000)
  eden space 4416K,  88% used [0x24330000, 0x24704ab0, 0x24780000)
  from space 512K,   0% used [0x24780000, 0x24780a90, 0x24800000)
  to   space 512K,   0% used [0x24800000, 0x24800000, 0x24880000)
 tenured generation   total 10944K, used 3819K [0x29880000, 0x2a330000, 0x34330000)
   the space 10944K,  34% used [0x29880000, 0x29c3afc0, 0x29c3b000, 0x2a330000)
 compacting perm gen  total 12288K, used 2689K [0x34330000, 0x34f30000, 0x38330000)
   the space 12288K,  21% used [0x34330000, 0x345d07e8, 0x345d0800, 0x34f30000)
    ro space 10240K,  44% used [0x38330000, 0x387a7808, 0x387a7a00, 0x38d30000)
    rw space 12288K,  52% used [0x38d30000, 0x3937e610, 0x3937e800, 0x39930000)

Card table byte_map: [0x04850000,0x04900000] byte_map_base: 0x0472e680

Polling page: 0x00200000

Code Cache  [0x02850000, 0x029a8000, 0x04850000)
 total_blobs=843 nmethods=565 adapters=215 free_code_cache=31401Kb largest_free_block=32154688

Compilation events (10 events):
Event: 252.151 Thread 0x00dd4c00  561             sun.java2d.windows.GDIWindowSurfaceData::getRenderLoops (31 bytes)
Event: 252.151 Thread 0x00dd4c00 nmethod 561 0x029a4d08 code [0x029a4e10, 0x029a4ecc]
Event: 256.756 Thread 0x00dd4c00  562             java.awt.image.DataBuffer::getDataTypeSize (42 bytes)
Event: 256.756 Thread 0x00dd4c00 nmethod 562 0x029a4f48 code [0x029a5080, 0x029a5310]
Event: 256.756 Thread 0x00dd4c00  563             java.awt.image.DataBuffer::<init> (40 bytes)
Event: 256.757 Thread 0x00dd4c00 nmethod 563 0x029a5508 code [0x029a5610, 0x029a576c]
Event: 256.757 Thread 0x00dd4c00  564             java.awt.image.DataBuffer::getDataType (5 bytes)
Event: 256.757 Thread 0x00dd4c00 nmethod 564 0x029a5808 code [0x029a5900, 0x029a5980]
Event: 261.157 Thread 0x00dd4c00  565             sun.awt.windows.WToolkit::isFrameStateSupported (40 bytes)
Event: 261.157 Thread 0x00dd4c00 nmethod 565 0x029a59c8 code [0x029a5ac0, 0x029a5b70]

GC Heap History (10 events):
Event: 338.112 GC heap before
{Heap before GC invocations=343 (full 0):
 def new generation   total 4928K, used 4229K [0x24330000, 0x24880000, 0x29880000)
  eden space 4416K,  95% used [0x24330000, 0x24750ad0, 0x24780000)
  from space 512K,   0% used [0x24800000, 0x24800a90, 0x24880000)
  to   space 512K,   0% used [0x24780000, 0x24780000, 0x24800000)
 tenured generation   total 10944K, used 3819K [0x29880000, 0x2a330000, 0x34330000)
   the space 10944K,  34% used [0x29880000, 0x29c3afc0, 0x29c3b000, 0x2a330000)
 compacting perm gen  total 12288K, used 2689K [0x34330000, 0x34f30000, 0x38330000)
   the space 12288K,  21% used [0x34330000, 0x345d07e8, 0x345d0800, 0x34f30000)
    ro space 10240K,  44% used [0x38330000, 0x387a7808, 0x387a7a00, 0x38d30000)
    rw space 12288K,  52% used [0x38d30000, 0x3937e610, 0x3937e800, 0x39930000)
Event: 338.113 GC heap after
Heap after GC invocations=344 (full 0):
 def new generation   total 4928K, used 2K [0x24330000, 0x24880000, 0x29880000)
  eden space 4416K,   0% used [0x24330000, 0x24330000, 0x24780000)
  from space 512K,   0% used [0x24780000, 0x24780a90, 0x24800000)
  to   space 512K,   0% used [0x24800000, 0x24800000, 0x24880000)
 tenured generation   total 10944K, used 3819K [0x29880000, 0x2a330000, 0x34330000)
   the space 10944K,  34% used [0x29880000, 0x29c3afc0, 0x29c3b000, 0x2a330000)
 compacting perm gen  total 12288K, used 2689K [0x34330000, 0x34f30000, 0x38330000)
   the space 12288K,  21% used [0x34330000, 0x345d07e8, 0x345d0800, 0x34f30000)
    ro space 10240K,  44% used [0x38330000, 0x387a7808, 0x387a7a00, 0x38d30000)
    rw space 12288K,  52% used [0x38d30000, 0x3937e610, 0x3937e800, 0x39930000)
}
Event: 339.055 GC heap before
{Heap before GC invocations=344 (full 0):
 def new generation   total 4928K, used 4229K [0x24330000, 0x24880000, 0x29880000)
  eden space 4416K,  95% used [0x24330000, 0x24750ad0, 0x24780000)
  from space 512K,   0% used [0x24780000, 0x24780a90, 0x24800000)
  to   space 512K,   0% used [0x24800000, 0x24800000, 0x24880000)
 tenured generation   total 10944K, used 3819K [0x29880000, 0x2a330000, 0x34330000)
   the space 10944K,  34% used [0x29880000, 0x29c3afc0, 0x29c3b000, 0x2a330000)
 compacting perm gen  total 12288K, used 2689K [0x34330000, 0x34f30000, 0x38330000)
   the space 12288K,  21% used [0x34330000, 0x345d07e8, 0x345d0800, 0x34f30000)
    ro space 10240K,  44% used [0x38330000, 0x387a7808, 0x387a7a00, 0x38d30000)
    rw space 12288K,  52% used [0x38d30000, 0x3937e610, 0x3937e800, 0x39930000)
Event: 339.056 GC heap after
Heap after GC invocations=345 (full 0):
 def new generation   total 4928K, used 2K [0x24330000, 0x24880000, 0x29880000)
  eden space 4416K,   0% used [0x24330000, 0x24330000, 0x24780000)
  from space 512K,   0% used [0x24800000, 0x24800a90, 0x24880000)
  to   space 512K,   0% used [0x24780000, 0x24780000, 0x24800000)
 tenured generation   total 10944K, used 3819K [0x29880000, 0x2a330000, 0x34330000)
   the space 10944K,  34% used [0x29880000, 0x29c3afc0, 0x29c3b000, 0x2a330000)
 compacting perm gen  total 12288K, used 2689K [0x34330000, 0x34f30000, 0x38330000)
   the space 12288K,  21% used [0x34330000, 0x345d07e8, 0x345d0800, 0x34f30000)
    ro space 10240K,  44% used [0x38330000, 0x387a7808, 0x387a7a00, 0x38d30000)
    rw space 12288K,  52% used [0x38d30000, 0x3937e610, 0x3937e800, 0x39930000)
}
Event: 339.983 GC heap before
{Heap before GC invocations=345 (full 0):
 def new generation   total 4928K, used 4227K [0x24330000, 0x24880000, 0x29880000)
  eden space 4416K,  95% used [0x24330000, 0x247502c0, 0x24780000)
  from space 512K,   0% used [0x24800000, 0x24800a90, 0x24880000)
  to   space 512K,   0% used [0x24780000, 0x24780000, 0x24800000)
 tenured generation   total 10944K, used 3819K [0x29880000, 0x2a330000, 0x34330000)
   the space 10944K,  34% used [0x29880000, 0x29c3afc0, 0x29c3b000, 0x2a330000)
 compacting perm gen  total 12288K, used 2689K [0x34330000, 0x34f30000, 0x38330000)
   the space 12288K,  21% used [0x34330000, 0x345d07e8, 0x345d0800, 0x34f30000)
    ro space 10240K,  44% used [0x38330000, 0x387a7808, 0x387a7a00, 0x38d30000)
    rw space 12288K,  52% used [0x38d30000, 0x3937e610, 0x3937e800, 0x39930000)
Event: 339.984 GC heap after
Heap after GC invocations=346 (full 0):
 def new generation   total 4928K, used 2K [0x24330000, 0x24880000, 0x29880000)
  eden space 4416K,   0% used [0x24330000, 0x24330000, 0x24780000)
  from space 512K,   0% used [0x24780000, 0x24780a90, 0x24800000)
  to   space 512K,   0% used [0x24800000, 0x24800000, 0x24880000)
 tenured generation   total 10944K, used 3819K [0x29880000, 0x2a330000, 0x34330000)
   the space 10944K,  34% used [0x29880000, 0x29c3afc0, 0x29c3b000, 0x2a330000)
 compacting perm gen  total 12288K, used 2689K [0x34330000, 0x34f30000, 0x38330000)
   the space 12288K,  21% used [0x34330000, 0x345d07e8, 0x345d0800, 0x34f30000)
    ro space 10240K,  44% used [0x38330000, 0x387a7808, 0x387a7a00, 0x38d30000)
    rw space 12288K,  52% used [0x38d30000, 0x3937e610, 0x3937e800, 0x39930000)
}
Event: 340.912 GC heap before
{Heap before GC invocations=346 (full 0):
 def new generation   total 4928K, used 4227K [0x24330000, 0x24880000, 0x29880000)
  eden space 4416K,  95% used [0x24330000, 0x247502c0, 0x24780000)
  from space 512K,   0% used [0x24780000, 0x24780a90, 0x24800000)
  to   space 512K,   0% used [0x24800000, 0x24800000, 0x24880000)
 tenured generation   total 10944K, used 3819K [0x29880000, 0x2a330000, 0x34330000)
   the space 10944K,  34% used [0x29880000, 0x29c3afc0, 0x29c3b000, 0x2a330000)
 compacting perm gen  total 12288K, used 2689K [0x34330000, 0x34f30000, 0x38330000)
   the space 12288K,  21% used [0x34330000, 0x345d07e8, 0x345d0800, 0x34f30000)
    ro space 10240K,  44% used [0x38330000, 0x387a7808, 0x387a7a00, 0x38d30000)
    rw space 12288K,  52% used [0x38d30000, 0x3937e610, 0x3937e800, 0x39930000)
Event: 340.913 GC heap after
Heap after GC invocations=347 (full 0):
 def new generation   total 4928K, used 2K [0x24330000, 0x24880000, 0x29880000)
  eden space 4416K,   0% used [0x24330000, 0x24330000, 0x24780000)
  from space 512K,   0% used [0x24800000, 0x24800a90, 0x24880000)
  to   space 512K,   0% used [0x24780000, 0x24780000, 0x24800000)
 tenured generation   total 10944K, used 3819K [0x29880000, 0x2a330000, 0x34330000)
   the space 10944K,  34% used [0x29880000, 0x29c3afc0, 0x29c3b000, 0x2a330000)
 compacting perm gen  total 12288K, used 2689K [0x34330000, 0x34f30000, 0x38330000)
   the space 12288K,  21% used [0x34330000, 0x345d07e8, 0x345d0800, 0x34f30000)
    ro space 10240K,  44% used [0x38330000, 0x387a7808, 0x387a7a00, 0x38d30000)
    rw space 12288K,  52% used [0x38d30000, 0x3937e610, 0x3937e800, 0x39930000)
}
Event: 341.855 GC heap before
{Heap before GC invocations=347 (full 0):
 def new generation   total 4928K, used 4227K [0x24330000, 0x24880000, 0x29880000)
  eden space 4416K,  95% used [0x24330000, 0x247502c0, 0x24780000)
  from space 512K,   0% used [0x24800000, 0x24800a90, 0x24880000)
  to   space 512K,   0% used [0x24780000, 0x24780000, 0x24800000)
 tenured generation   total 10944K, used 3819K [0x29880000, 0x2a330000, 0x34330000)
   the space 10944K,  34% used [0x29880000, 0x29c3afc0, 0x29c3b000, 0x2a330000)
 compacting perm gen  total 12288K, used 2689K [0x34330000, 0x34f30000, 0x38330000)
   the space 12288K,  21% used [0x34330000, 0x345d07e8, 0x345d0800, 0x34f30000)
    ro space 10240K,  44% used [0x38330000, 0x387a7808, 0x387a7a00, 0x38d30000)
    rw space 12288K,  52% used [0x38d30000, 0x3937e610, 0x3937e800, 0x39930000)
Event: 341.856 GC heap after
Heap after GC invocations=348 (full 0):
 def new generation   total 4928K, used 2K [0x24330000, 0x24880000, 0x29880000)
  eden space 4416K,   0% used [0x24330000, 0x24330000, 0x24780000)
  from space 512K,   0% used [0x24780000, 0x24780a90, 0x24800000)
  to   space 512K,   0% used [0x24800000, 0x24800000, 0x24880000)
 tenured generation   total 10944K, used 3819K [0x29880000, 0x2a330000, 0x34330000)
   the space 10944K,  34% used [0x29880000, 0x29c3afc0, 0x29c3b000, 0x2a330000)
 compacting perm gen  total 12288K, used 2689K [0x34330000, 0x34f30000, 0x38330000)
   the space 12288K,  21% used [0x34330000, 0x345d07e8, 0x345d0800, 0x34f30000)
    ro space 10240K,  44% used [0x38330000, 0x387a7808, 0x387a7a00, 0x38d30000)
    rw space 12288K,  52% used [0x38d30000, 0x3937e610, 0x3937e800, 0x39930000)
}

Deoptimization events (0 events):
No events

Internal exceptions (10 events):
Event: 23.639 Thread 0x050a9400 Threw 0x24710a30 at C:\re\jdk7u45\229\hotspot\src\share\vm\prims\jvm.cpp:1244
Event: 23.640 Thread 0x050a9400 Threw 0x24713a90 at C:\re\jdk7u45\229\hotspot\src\share\vm\prims\jvm.cpp:1244
Event: 23.640 Thread 0x050a9400 Threw 0x247199f8 at C:\re\jdk7u45\229\hotspot\src\share\vm\prims\jvm.cpp:1244
Event: 23.641 Thread 0x050a9400 Threw 0x2472dc08 at C:\re\jdk7u45\229\hotspot\src\share\vm\prims\jvm.cpp:1244
Event: 23.643 Thread 0x050a9400 Threw 0x247365f8 at C:\re\jdk7u45\229\hotspot\src\share\vm\prims\jvm.cpp:1244
Event: 23.643 Thread 0x050a9400 Threw 0x2473a928 at C:\re\jdk7u45\229\hotspot\src\share\vm\prims\jvm.cpp:1244
Event: 23.644 Thread 0x050a9400 Threw 0x2473e478 at C:\re\jdk7u45\229\hotspot\src\share\vm\prims\jvm.cpp:1244
Event: 23.644 Thread 0x050a9400 Threw 0x24741bd8 at C:\re\jdk7u45\229\hotspot\src\share\vm\prims\jvm.cpp:1244
Event: 23.646 Thread 0x050a9400 Threw 0x247572b8 at C:\re\jdk7u45\229\hotspot\src\share\vm\prims\jvm.cpp:1244
Event: 23.651 Thread 0x09dc5c00 Threw 0x24763338 at C:\re\jdk7u45\229\hotspot\src\share\vm\prims\jvm.cpp:1244

Events (10 events):
Event: 338.112 Executing VM operation: GenCollectForAllocation
Event: 338.113 Executing VM operation: GenCollectForAllocation done
Event: 339.055 Executing VM operation: GenCollectForAllocation
Event: 339.056 Executing VM operation: GenCollectForAllocation done
Event: 339.983 Executing VM operation: GenCollectForAllocation
Event: 339.984 Executing VM operation: GenCollectForAllocation done
Event: 340.912 Executing VM operation: GenCollectForAllocation
Event: 340.913 Executing VM operation: GenCollectForAllocation done
Event: 341.855 Executing VM operation: GenCollectForAllocation
Event: 341.856 Executing VM operation: GenCollectForAllocation done


Dynamic libraries:
0x01080000 - 0x010af000 	C:\Program Files (x86)\Java\jdk1.7.0_45\bin\java.exe
0x777b0000 - 0x77930000 	C:\Windows\SysWOW64\ntdll.dll
0x76c30000 - 0x76d40000 	C:\Windows\syswow64\kernel32.dll
0x767f0000 - 0x76837000 	C:\Windows\syswow64\KERNELBASE.dll
0x5ac10000 - 0x5ad2b000 	C:\Windows\system32\sftldr_wow64.dll
0x757d0000 - 0x758d0000 	C:\Windows\syswow64\USER32.dll
0x759a0000 - 0x75a30000 	C:\Windows\syswow64\GDI32.dll
0x75990000 - 0x7599a000 	C:\Windows\syswow64\LPK.dll
0x76850000 - 0x768ed000 	C:\Windows\syswow64\USP10.dll
0x76680000 - 0x7672c000 	C:\Windows\syswow64\msvcrt.dll
0x768f0000 - 0x76990000 	C:\Windows\syswow64\ADVAPI32.dll
0x76730000 - 0x76749000 	C:\Windows\SysWOW64\sechost.dll
0x74f20000 - 0x75010000 	C:\Windows\syswow64\RPCRT4.dll
0x74e90000 - 0x74ef0000 	C:\Windows\syswow64\SspiCli.dll
0x74e80000 - 0x74e8c000 	C:\Windows\syswow64\CRYPTBASE.dll
0x751c0000 - 0x7531c000 	C:\Windows\syswow64\ole32.dll
0x73b30000 - 0x73b47000 	C:\Windows\system32\USERENV.dll
0x73b20000 - 0x73b2b000 	C:\Windows\system32\profapi.dll
0x75a30000 - 0x7667b000 	C:\Windows\syswow64\SHELL32.dll
0x758d0000 - 0x75927000 	C:\Windows\syswow64\SHLWAPI.dll
0x73ac0000 - 0x73b12000 	C:\Windows\system32\faultrep.dll
0x745b0000 - 0x7474e000 	C:\Windows\WinSxS\x86_microsoft.windows.common-controls_6595b64144ccf1df_6.0.7601.17514_none_41e6975e2bd6f2b2\COMCTL32.dll
0x76e60000 - 0x76ec0000 	C:\Windows\system32\IMM32.DLL
0x76b60000 - 0x76c2c000 	C:\Windows\syswow64\MSCTF.dll
0x76750000 - 0x767df000 	C:\Windows\syswow64\oleaut32.dll
0x5ad90000 - 0x5ae4f000 	C:\Program Files (x86)\Java\jdk1.7.0_45\jre\bin\msvcr100.dll
0x5a890000 - 0x5ac10000 	C:\Program Files (x86)\Java\jdk1.7.0_45\jre\bin\client\jvm.dll
0x74960000 - 0x74967000 	C:\Windows\system32\WSOCK32.dll
0x754f0000 - 0x75525000 	C:\Windows\syswow64\WS2_32.dll
0x767e0000 - 0x767e6000 	C:\Windows\syswow64\NSI.dll
0x74c80000 - 0x74cb2000 	C:\Windows\system32\WINMM.dll
0x77780000 - 0x77785000 	C:\Windows\syswow64\PSAPI.DLL
0x62b20000 - 0x62b2c000 	C:\Program Files (x86)\Java\jdk1.7.0_45\jre\bin\verify.dll
0x61c40000 - 0x61c60000 	C:\Program Files (x86)\Java\jdk1.7.0_45\jre\bin\java.dll
0x5b410000 - 0x5b423000 	C:\Program Files (x86)\Java\jdk1.7.0_45\jre\bin\zip.dll
0x5a740000 - 0x5a883000 	C:\Program Files (x86)\Java\jdk1.7.0_45\jre\bin\awt.dll
0x703d0000 - 0x703e3000 	C:\Windows\System32\dwmapi.dll
0x73be0000 - 0x73c60000 	C:\Windows\System32\uxtheme.dll
0x11320000 - 0x1134a000 	C:\Program Files (x86)\NetSupport\NetSupport School\PCIAPPCTRL.DLL
0x74c70000 - 0x74c79000 	C:\Windows\system32\VERSION.dll
0x709c0000 - 0x709d0000 	C:\Windows\system32\LSKHOOK.DLL
0x5b0d0000 - 0x5b108000 	C:\Program Files (x86)\Java\jdk1.7.0_45\jre\bin\fontmanager.dll
0x5b430000 - 0x5b444000 	C:\Program Files (x86)\Java\jdk1.7.0_45\jre\bin\net.dll
0x607b0000 - 0x607ce000 	C:\Program Files (x86)\NetSupport\NetSupport School\nslsp.dll
0x74570000 - 0x745ac000 	C:\Windows\System32\mswsock.dll
0x70c00000 - 0x70c06000 	C:\Windows\System32\wship6.dll
0x61c30000 - 0x61c3f000 	C:\Program Files (x86)\Java\jdk1.7.0_45\jre\bin\nio.dll
0x5b1a0000 - 0x5b1d0000 	C:\Program Files (x86)\Java\jdk1.7.0_45\jre\bin\t2k.dll
0x5a680000 - 0x5a73e000 	C:\Users\sallinlu\AppData\Local\Temp\javacpp26591423819526\msvcr100.dll
0x59f70000 - 0x59fd9000 	C:\Users\sallinlu\AppData\Local\Temp\javacpp26591423819526\msvcp100.dll
0x54850000 - 0x54a54000 	C:\Users\sallinlu\AppData\Local\Temp\javacpp26591423819526\opencv_core246.dll
0x59ef0000 - 0x59f65000 	C:\Users\sallinlu\AppData\Local\Temp\javacpp26591423819526\jniopencv_core.dll
0x5b400000 - 0x5b40a000 	C:\Program Files (x86)\Java\jdk1.7.0_45\jre\bin\jsound.dll
0x5b3f0000 - 0x5b3f9000 	C:\Program Files (x86)\Java\jdk1.7.0_45\jre\bin\jsoundds.dll
0x5b1d0000 - 0x5b242000 	C:\Windows\system32\DSOUND.dll
0x62dd0000 - 0x62df5000 	C:\Windows\system32\POWRPROF.dll
0x75320000 - 0x754bd000 	C:\Windows\syswow64\SETUPAPI.dll
0x74ef0000 - 0x74f17000 	C:\Windows\syswow64\CFGMGR32.dll
0x76a20000 - 0x76a32000 	C:\Windows\syswow64\DEVOBJ.dll
0x70fc0000 - 0x71d59000 	C:\Users\sallinlu\AppData\Local\Temp\javacpp26591423819526\opencv_ffmpeg246.dll
0x6dfe0000 - 0x6e019000 	C:\Windows\system32\MMDevAPI.DLL
0x6de40000 - 0x6df35000 	C:\Windows\system32\PROPSYS.dll
0x6dfb0000 - 0x6dfe0000 	C:\Windows\system32\wdmaud.drv
0x6dfa0000 - 0x6dfa4000 	C:\Windows\system32\ksuser.dll
0x6df90000 - 0x6df97000 	C:\Windows\system32\AVRT.dll
0x545e0000 - 0x5484a000 	C:\Users\sallinlu\AppData\Local\Temp\javacpp26591423819526\opencv_imgproc246.dll
0x6de00000 - 0x6de36000 	C:\Windows\system32\AUDIOSES.DLL
0x6df80000 - 0x6df88000 	C:\Windows\system32\msacm32.drv
0x749b0000 - 0x749c4000 	C:\Windows\system32\MSACM32.dll
0x543d0000 - 0x545da000 	C:\Users\sallinlu\AppData\Local\Temp\javacpp26591423819526\opencv_highgui246.dll
0x5b0b0000 - 0x5b0c9000 	C:\Windows\system32\AVIFIL32.dll
0x5b080000 - 0x5b0a1000 	C:\Windows\system32\MSVFW32.dll
0x5ad70000 - 0x5ad83000 	C:\Windows\system32\AVICAP32.dll
0x6df70000 - 0x6df77000 	C:\Windows\system32\midimap.dll
0x5b070000 - 0x5b07f000 	C:\Users\sallinlu\AppData\Local\Temp\javacpp26591423819526\jniopencv_highgui.dll
0x75010000 - 0x75093000 	C:\Windows\syswow64\CLBCatQ.DLL
0x6cfe0000 - 0x6cff4000 	C:\Windows\SysWOW64\devenum.dll
0x709d0000 - 0x709f1000 	C:\Windows\system32\ntmarta.dll
0x75540000 - 0x75585000 	C:\Windows\syswow64\WLDAP32.dll
0x76ec0000 - 0x76eed000 	C:\Windows\syswow64\WINTRUST.dll
0x76a40000 - 0x76b60000 	C:\Windows\syswow64\CRYPT32.dll
0x75530000 - 0x7553c000 	C:\Windows\syswow64\MSASN1.dll
0x6e560000 - 0x6e56b000 	C:\Windows\system32\msdmo.dll
0x5ad30000 - 0x5ad62000 	C:\Windows\SysWOW64\qcap.dll
0x54250000 - 0x543c7000 	C:\Windows\SysWOW64\quartz.dll
0x5a640000 - 0x5a673000 	C:\Windows\SysWOW64\ksproxy.ax
0x620b0000 - 0x62273000 	C:\Windows\SysWOW64\d3d9.dll
0x6edd0000 - 0x6edd6000 	C:\Windows\SysWOW64\d3d8thk.dll
0x5a630000 - 0x5a639000 	C:\Windows\SysWOW64\vidcap.ax
0x59ed0000 - 0x59eed000 	C:\Windows\SysWOW64\Kswdmcap.ax
0x74ad0000 - 0x74bec000 	C:\Windows\SysWOW64\MFC42.dll
0x74a40000 - 0x74acc000 	C:\Windows\SysWOW64\ODBC32.dll
0x74970000 - 0x749a8000 	C:\Windows\SysWOW64\odbcint.dll
0x56050000 - 0x560d0000 	C:\Windows\SysWOW64\qedit.dll
0x75750000 - 0x757cb000 	C:\Windows\syswow64\COMDLG32.dll
0x74320000 - 0x744b0000 	C:\Windows\WinSxS\x86_microsoft.windows.gdiplus_6595b64144ccf1df_1.1.7601.18120_none_72d2e82386681b36\gdiplus.dll
0x5ae50000 - 0x5af37000 	C:\Windows\system32\DDRAW.dll
0x63c90000 - 0x63c96000 	C:\Windows\system32\DCIMAN32.dll
0x55f80000 - 0x5604c000 	C:\Windows\system32\D3DIM700.DLL
0x59ec0000 - 0x59ec9000 	C:\Windows\system32\msyuv.dll
0x59e80000 - 0x59eb9000 	C:\Users\sallinlu\AppData\Local\Temp\javacpp26591423819526\jniopencv_imgproc.dll
0x68c80000 - 0x68c9b000 	C:\Users\sallinlu\.jssc\windows\jSSC-2.6_x86.dll
0x10000000 - 0x10013000 	C:\Users\sallinlu\Desktop\UWTSFR\Projet\Projet\jinput-dx8.dll
0x59c80000 - 0x59cb0000 	C:\Windows\system32\DINPUT8.dll
0x59e70000 - 0x59e79000 	C:\Windows\system32\HID.DLL
0x04a70000 - 0x04a82000 	C:\Users\sallinlu\Desktop\UWTSFR\Projet\Projet\jinput-raw.dll

VM Arguments:
jvm_args: -Dfile.encoding=UTF-8 -Xmx256m 
java_command: projet.Projet
Launcher Type: SUN_STANDARD

Environment Variables:
PATH=B:\TJ8URBTP.W7F\VFS\SFT_SYSTEM32_X64\;C:\Program Files (x86)\Microsoft Application Virtualization Client\;C:\Program Files (x86)\PC Connectivity Solution\;C:\Windows\system32;C:\Windows;C:\Windows\System32\Wbem;C:\Windows\System32\WindowsPowerShell\v1.0\;C:\Program Files\MySQL\MySQL Server 5.5\bin;C:\Program Files (x86)\Microchip\MPLAB C32 Suite\bin;C:\Program Files (x86)\Microchip\MPLAB IDE\VDI;C:\Program Files (x86)\HI-TECH Software\PICC\9.70\bin;C:\Program Files (x86)\Intel\OpenCL SDK\2.0\bin\x86;C:\Program Files (x86)\Intel\OpenCL SDK\2.0\bin\x64;C:\Windows\system32\wbem;C:\Program Files (x86)\IVT Corporation\BlueSoleil\Mobile;C:\Program Files (x86)\Microsoft Application Virtualization Client
USERNAME=sallinlu
OS=Windows_NT
PROCESSOR_IDENTIFIER=Intel64 Family 6 Model 58 Stepping 9, GenuineIntel



---------------  S Y S T E M  ---------------

OS: Windows 7 , 64 bit Build 7601 Service Pack 1

CPU:total 4 (4 cores per cpu, 1 threads per core) family 6 model 58 stepping 9, cmov, cx8, fxsr, mmx, sse, sse2, sse3, ssse3, sse4.1, sse4.2, popcnt, avx, aes, erms, tsc, tscinvbit, tscinv

Memory: 4k page, physical 8259664k(2879988k free), swap 16517472k(10719100k free)

vm_info: Java HotSpot(TM) Client VM (24.45-b08) for windows-x86 JRE (1.7.0_45-b18), built on Oct  8 2013 06:02:43 by "java_re" with unknown MS VC++:1600

time: Mon Mar 31 15:15:54 2014
elapsed time: 342 seconds

