#
# A fatal error has been detected by the Java Runtime Environment:
#
#  EXCEPTION_UNCAUGHT_CXX_EXCEPTION (0xe06d7363) at pc=0x767fc41f, pid=392, tid=2424
#
# JRE version: Java(TM) SE Runtime Environment (7.0_45-b18) (build 1.7.0_45-b18)
# Java VM: Java HotSpot(TM) Client VM (24.45-b08 mixed mode, sharing windows-x86 )
# Problematic frame:
# C  [KERNELBASE.dll+0xc41f]
#
# Failed to write core dump. Minidumps are not enabled by default on client versions of Windows
#
# If you would like to submit a bug report, please visit:
#   http://bugreport.sun.com/bugreport/crash.jsp
# The crash happened outside the Java Virtual Machine in native code.
# See problematic frame for where to report the bug.
#

---------------  T H R E A D  ---------------

Current thread (0x052ff800):  JavaThread "Thread-3" [_thread_in_native, id=2424, stack(0x06890000,0x068e0000)]

siginfo: ExceptionCode=0xe06d7363, ExceptionInformation=0x19930520 0x068cdf7c 0x555f4a88 

Registers:
EAX=0x068cded8, EBX=0x00000034, ECX=0x00000003, EDX=0x00000000
ESP=0x068cded8, EBP=0x068cdf28, ESI=0x068de020, EDI=0x59f33a30
EIP=0x767fc41f, EFLAGS=0x00000216

Top of Stack: (sp=0x068cded8)
0x068cded8:   e06d7363 00000001 00000000 767fc41f
0x068cdee8:   00000003 19930520 068cdf7c 555f4a88
0x068cdef8:   00000000 0119b100 068cdfe0 068cdeec
0x068cdf08:   068cdfe0 0000002e 068cdf30 554240fe
0x068cdf18:   0119b100 0119b0c8 0000002e 068de020
0x068cdf28:   068cdf60 59f4872d e06d7363 00000001
0x068cdf38:   00000003 068cdf54 e06d7363 00000001
0x068cdf48:   00000000 00000000 00000003 19930520 

Instructions: (pc=0x767fc41f)
0x767fc3ff:   02 50 ff 75 14 8d 45 c4 50 e8 55 ad 02 00 83 c4
0x767fc40f:   0c eb 03 89 45 c0 8d 45 b0 50 ff 15 5c 11 7f 76
0x767fc41f:   c9 c2 10 00 cc cc cc cc cc 8b ff 55 8b ec 56 8b
0x767fc42f:   75 08 83 fe f4 72 18 83 fe f6 77 13 8d 45 08 50 


Register to memory mapping:

EAX=0x068cded8 is pointing into the stack for thread: 0x052ff800
EBX=0x00000034 is an unknown value
ECX=0x00000003 is an unknown value
EDX=0x00000000 is an unknown value
ESP=0x068cded8 is pointing into the stack for thread: 0x052ff800
EBP=0x068cdf28 is pointing into the stack for thread: 0x052ff800
ESI=0x068de020 is pointing into the stack for thread: 0x052ff800
EDI=0x59f33a30 is an unknown value


Stack: [0x06890000,0x068e0000],  sp=0x068cded8,  free space=247k
Native frames: (J=compiled Java code, j=interpreted, Vv=VM code, C=native code)
C  [KERNELBASE.dll+0xc41f]
C  [msvcr100.dll+0x2872d]

Java frames: (J=compiled Java code, j=interpreted, Vv=VM code)
J  com.googlecode.javacv.cpp.opencv_imgproc.cvSmooth(Lcom/googlecode/javacv/cpp/opencv_core$CvArr;Lcom/googlecode/javacv/cpp/opencv_core$CvArr;IIIDD)V
J  com.googlecode.javacv.cpp.opencv_imgproc.cvSmooth(Lcom/googlecode/javacv/cpp/opencv_core$CvArr;Lcom/googlecode/javacv/cpp/opencv_core$CvArr;II)V
j  wrk.WrkStreamVisualiseurDetectColor.run()V+120
v  ~StubRoutines::call_stub

---------------  P R O C E S S  ---------------

Java Threads: ( => current thread )
  0x052a8800 JavaThread "Direct Clip" daemon [_thread_blocked, id=1120, stack(0x0ab30000,0x0ab80000)]
  0x0a9bd800 JavaThread "Thread-8" [_thread_in_vm_trans, id=6260, stack(0x07800000,0x07850000)]
  0x0a9bd000 JavaThread "Thread-11" daemon [_thread_in_native, id=6080, stack(0x0acd0000,0x0ad20000)]
  0x05318800 JavaThread "Direct Clip" daemon [_thread_blocked, id=6552, stack(0x09ab0000,0x09b00000)]
  0x05310400 JavaThread "Direct Clip" daemon [_thread_blocked, id=7008, stack(0x076c0000,0x07710000)]
  0x0530fc00 JavaThread "Java Sound Event Dispatcher" daemon [_thread_blocked, id=6208, stack(0x06b00000,0x06b50000)]
=>0x052ff800 JavaThread "Thread-3" [_thread_in_native, id=2424, stack(0x06890000,0x068e0000)]
  0x0017c400 JavaThread "DestroyJavaVM" [_thread_blocked, id=5772, stack(0x00860000,0x008b0000)]
  0x051b9000 JavaThread "AWT-EventQueue-0" [_thread_blocked, id=6480, stack(0x06350000,0x063a0000)]
  0x051a5800 JavaThread "AWT-Windows" daemon [_thread_in_native, id=5564, stack(0x055c0000,0x05610000)]
  0x051a4c00 JavaThread "AWT-Shutdown" [_thread_blocked, id=6696, stack(0x05450000,0x054a0000)]
  0x051a2000 JavaThread "Java2D Disposer" daemon [_thread_blocked, id=6824, stack(0x011c0000,0x01210000)]
  0x01177c00 JavaThread "Service Thread" daemon [_thread_blocked, id=7004, stack(0x04fd0000,0x05020000)]
  0x01173400 JavaThread "C1 CompilerThread0" daemon [_thread_blocked, id=2608, stack(0x04f50000,0x04fa0000)]
  0x01172000 JavaThread "Attach Listener" daemon [_thread_blocked, id=6008, stack(0x04c60000,0x04cb0000)]
  0x0116ec00 JavaThread "Signal Dispatcher" daemon [_thread_blocked, id=3120, stack(0x04b30000,0x04b80000)]
  0x010ffc00 JavaThread "Finalizer" daemon [_thread_blocked, id=6624, stack(0x04a50000,0x04aa0000)]
  0x010fe000 JavaThread "Reference Handler" daemon [_thread_blocked, id=2224, stack(0x04870000,0x048c0000)]

Other Threads:
  0x010fc800 VMThread [stack: 0x04800000,0x04850000] [id=6632]
  0x0118a400 WatcherThread [stack: 0x050e0000,0x05130000] [id=4348]

VM state:not at safepoint (normal execution)

VM Mutex/Monitor currently owned by a thread: None

Heap
 def new generation   total 4928K, used 3925K [0x24330000, 0x24880000, 0x29880000)
  eden space 4416K,  88% used [0x24330000, 0x24704ab0, 0x24780000)
  from space 512K,   0% used [0x24780000, 0x24780ae8, 0x24800000)
  to   space 512K,   0% used [0x24800000, 0x24800000, 0x24880000)
 tenured generation   total 10944K, used 3761K [0x29880000, 0x2a330000, 0x34330000)
   the space 10944K,  34% used [0x29880000, 0x29c2c710, 0x29c2c800, 0x2a330000)
 compacting perm gen  total 12288K, used 2694K [0x34330000, 0x34f30000, 0x38330000)
   the space 12288K,  21% used [0x34330000, 0x345d1800, 0x345d1800, 0x34f30000)
    ro space 10240K,  44% used [0x38330000, 0x387a7808, 0x387a7a00, 0x38d30000)
    rw space 12288K,  52% used [0x38d30000, 0x3937e610, 0x3937e800, 0x39930000)

Card table byte_map: [0x01250000,0x01300000] byte_map_base: 0x0112e680

Polling page: 0x002b0000

Code Cache  [0x027a0000, 0x028f8000, 0x047a0000)
 total_blobs=841 nmethods=563 adapters=215 free_code_cache=31401Kb largest_free_block=32155200

Compilation events (10 events):
Event: 250.680 Thread 0x01173400  559             java.util.logging.Level::intValue (5 bytes)
Event: 250.680 Thread 0x01173400 nmethod 559 0x028f3cc8 code [0x028f3dc0, 0x028f3e40]
Event: 250.693 Thread 0x01173400  560             sun.util.logging.LoggingSupport::ensureAvailable (17 bytes)
Event: 250.693 Thread 0x01173400 nmethod 560 0x028f3e88 code [0x028f3f80, 0x028f3ff0]
Event: 250.693 Thread 0x01173400  561             sun.util.logging.LoggingSupport::isLoggable (14 bytes)
Event: 250.694 Thread 0x01173400 nmethod 561 0x028f4048 code [0x028f4140, 0x028f4240]
Event: 250.694 Thread 0x01173400  562             java.util.logging.LoggingProxyImpl::isLoggable (12 bytes)
Event: 250.694 Thread 0x01173400 nmethod 562 0x028f4348 code [0x028f4450, 0x028f4560]
Event: 254.856 Thread 0x01173400  563             com.googlecode.javacv.OpenCVFrameGrabber::grab (177 bytes)
Event: 254.857 Thread 0x01173400 nmethod 563 0x028f4648 code [0x028f48c0, 0x028f4f80]

GC Heap History (10 events):
Event: 332.737 GC heap before
{Heap before GC invocations=343 (full 0):
 def new generation   total 4928K, used 4227K [0x24330000, 0x24880000, 0x29880000)
  eden space 4416K,  95% used [0x24330000, 0x247502c0, 0x24780000)
  from space 512K,   0% used [0x24800000, 0x24800a90, 0x24880000)
  to   space 512K,   0% used [0x24780000, 0x24780000, 0x24800000)
 tenured generation   total 10944K, used 3761K [0x29880000, 0x2a330000, 0x34330000)
   the space 10944K,  34% used [0x29880000, 0x29c2c710, 0x29c2c800, 0x2a330000)
 compacting perm gen  total 12288K, used 2694K [0x34330000, 0x34f30000, 0x38330000)
   the space 12288K,  21% used [0x34330000, 0x345d1800, 0x345d1800, 0x34f30000)
    ro space 10240K,  44% used [0x38330000, 0x387a7808, 0x387a7a00, 0x38d30000)
    rw space 12288K,  52% used [0x38d30000, 0x3937e610, 0x3937e800, 0x39930000)
Event: 332.738 GC heap after
Heap after GC invocations=344 (full 0):
 def new generation   total 4928K, used 2K [0x24330000, 0x24880000, 0x29880000)
  eden space 4416K,   0% used [0x24330000, 0x24330000, 0x24780000)
  from space 512K,   0% used [0x24780000, 0x24780a90, 0x24800000)
  to   space 512K,   0% used [0x24800000, 0x24800000, 0x24880000)
 tenured generation   total 10944K, used 3761K [0x29880000, 0x2a330000, 0x34330000)
   the space 10944K,  34% used [0x29880000, 0x29c2c710, 0x29c2c800, 0x2a330000)
 compacting perm gen  total 12288K, used 2694K [0x34330000, 0x34f30000, 0x38330000)
   the space 12288K,  21% used [0x34330000, 0x345d1800, 0x345d1800, 0x34f30000)
    ro space 10240K,  44% used [0x38330000, 0x387a7808, 0x387a7a00, 0x38d30000)
    rw space 12288K,  52% used [0x38d30000, 0x3937e610, 0x3937e800, 0x39930000)
}
Event: 333.681 GC heap before
{Heap before GC invocations=344 (full 0):
 def new generation   total 4928K, used 4227K [0x24330000, 0x24880000, 0x29880000)
  eden space 4416K,  95% used [0x24330000, 0x247502c0, 0x24780000)
  from space 512K,   0% used [0x24780000, 0x24780a90, 0x24800000)
  to   space 512K,   0% used [0x24800000, 0x24800000, 0x24880000)
 tenured generation   total 10944K, used 3761K [0x29880000, 0x2a330000, 0x34330000)
   the space 10944K,  34% used [0x29880000, 0x29c2c710, 0x29c2c800, 0x2a330000)
 compacting perm gen  total 12288K, used 2694K [0x34330000, 0x34f30000, 0x38330000)
   the space 12288K,  21% used [0x34330000, 0x345d1800, 0x345d1800, 0x34f30000)
    ro space 10240K,  44% used [0x38330000, 0x387a7808, 0x387a7a00, 0x38d30000)
    rw space 12288K,  52% used [0x38d30000, 0x3937e610, 0x3937e800, 0x39930000)
Event: 333.682 GC heap after
Heap after GC invocations=345 (full 0):
 def new generation   total 4928K, used 2K [0x24330000, 0x24880000, 0x29880000)
  eden space 4416K,   0% used [0x24330000, 0x24330000, 0x24780000)
  from space 512K,   0% used [0x24800000, 0x24800a90, 0x24880000)
  to   space 512K,   0% used [0x24780000, 0x24780000, 0x24800000)
 tenured generation   total 10944K, used 3761K [0x29880000, 0x2a330000, 0x34330000)
   the space 10944K,  34% used [0x29880000, 0x29c2c710, 0x29c2c800, 0x2a330000)
 compacting perm gen  total 12288K, used 2694K [0x34330000, 0x34f30000, 0x38330000)
   the space 12288K,  21% used [0x34330000, 0x345d1800, 0x345d1800, 0x34f30000)
    ro space 10240K,  44% used [0x38330000, 0x387a7808, 0x387a7a00, 0x38d30000)
    rw space 12288K,  52% used [0x38d30000, 0x3937e610, 0x3937e800, 0x39930000)
}
Event: 334.609 GC heap before
{Heap before GC invocations=345 (full 0):
 def new generation   total 4928K, used 4229K [0x24330000, 0x24880000, 0x29880000)
  eden space 4416K,  95% used [0x24330000, 0x24750ad0, 0x24780000)
  from space 512K,   0% used [0x24800000, 0x24800a90, 0x24880000)
  to   space 512K,   0% used [0x24780000, 0x24780000, 0x24800000)
 tenured generation   total 10944K, used 3761K [0x29880000, 0x2a330000, 0x34330000)
   the space 10944K,  34% used [0x29880000, 0x29c2c710, 0x29c2c800, 0x2a330000)
 compacting perm gen  total 12288K, used 2694K [0x34330000, 0x34f30000, 0x38330000)
   the space 12288K,  21% used [0x34330000, 0x345d1800, 0x345d1800, 0x34f30000)
    ro space 10240K,  44% used [0x38330000, 0x387a7808, 0x387a7a00, 0x38d30000)
    rw space 12288K,  52% used [0x38d30000, 0x3937e610, 0x3937e800, 0x39930000)
Event: 334.610 GC heap after
Heap after GC invocations=346 (full 0):
 def new generation   total 4928K, used 2K [0x24330000, 0x24880000, 0x29880000)
  eden space 4416K,   0% used [0x24330000, 0x24330000, 0x24780000)
  from space 512K,   0% used [0x24780000, 0x24780a90, 0x24800000)
  to   space 512K,   0% used [0x24800000, 0x24800000, 0x24880000)
 tenured generation   total 10944K, used 3761K [0x29880000, 0x2a330000, 0x34330000)
   the space 10944K,  34% used [0x29880000, 0x29c2c710, 0x29c2c800, 0x2a330000)
 compacting perm gen  total 12288K, used 2694K [0x34330000, 0x34f30000, 0x38330000)
   the space 12288K,  21% used [0x34330000, 0x345d1800, 0x345d1800, 0x34f30000)
    ro space 10240K,  44% used [0x38330000, 0x387a7808, 0x387a7a00, 0x38d30000)
    rw space 12288K,  52% used [0x38d30000, 0x3937e610, 0x3937e800, 0x39930000)
}
Event: 335.538 GC heap before
{Heap before GC invocations=346 (full 0):
 def new generation   total 4928K, used 4229K [0x24330000, 0x24880000, 0x29880000)
  eden space 4416K,  95% used [0x24330000, 0x24750ad0, 0x24780000)
  from space 512K,   0% used [0x24780000, 0x24780a90, 0x24800000)
  to   space 512K,   0% used [0x24800000, 0x24800000, 0x24880000)
 tenured generation   total 10944K, used 3761K [0x29880000, 0x2a330000, 0x34330000)
   the space 10944K,  34% used [0x29880000, 0x29c2c710, 0x29c2c800, 0x2a330000)
 compacting perm gen  total 12288K, used 2694K [0x34330000, 0x34f30000, 0x38330000)
   the space 12288K,  21% used [0x34330000, 0x345d1800, 0x345d1800, 0x34f30000)
    ro space 10240K,  44% used [0x38330000, 0x387a7808, 0x387a7a00, 0x38d30000)
    rw space 12288K,  52% used [0x38d30000, 0x3937e610, 0x3937e800, 0x39930000)
Event: 335.539 GC heap after
Heap after GC invocations=347 (full 0):
 def new generation   total 4928K, used 2K [0x24330000, 0x24880000, 0x29880000)
  eden space 4416K,   0% used [0x24330000, 0x24330000, 0x24780000)
  from space 512K,   0% used [0x24800000, 0x24800a90, 0x24880000)
  to   space 512K,   0% used [0x24780000, 0x24780000, 0x24800000)
 tenured generation   total 10944K, used 3761K [0x29880000, 0x2a330000, 0x34330000)
   the space 10944K,  34% used [0x29880000, 0x29c2c710, 0x29c2c800, 0x2a330000)
 compacting perm gen  total 12288K, used 2694K [0x34330000, 0x34f30000, 0x38330000)
   the space 12288K,  21% used [0x34330000, 0x345d1800, 0x345d1800, 0x34f30000)
    ro space 10240K,  44% used [0x38330000, 0x387a7808, 0x387a7a00, 0x38d30000)
    rw space 12288K,  52% used [0x38d30000, 0x3937e610, 0x3937e800, 0x39930000)
}
Event: 336.481 GC heap before
{Heap before GC invocations=347 (full 0):
 def new generation   total 4928K, used 4231K [0x24330000, 0x24880000, 0x29880000)
  eden space 4416K,  95% used [0x24330000, 0x24751320, 0x24780000)
  from space 512K,   0% used [0x24800000, 0x24800a90, 0x24880000)
  to   space 512K,   0% used [0x24780000, 0x24780000, 0x24800000)
 tenured generation   total 10944K, used 3761K [0x29880000, 0x2a330000, 0x34330000)
   the space 10944K,  34% used [0x29880000, 0x29c2c710, 0x29c2c800, 0x2a330000)
 compacting perm gen  total 12288K, used 2694K [0x34330000, 0x34f30000, 0x38330000)
   the space 12288K,  21% used [0x34330000, 0x345d1800, 0x345d1800, 0x34f30000)
    ro space 10240K,  44% used [0x38330000, 0x387a7808, 0x387a7a00, 0x38d30000)
    rw space 12288K,  52% used [0x38d30000, 0x3937e610, 0x3937e800, 0x39930000)
Event: 336.482 GC heap after
Heap after GC invocations=348 (full 0):
 def new generation   total 4928K, used 2K [0x24330000, 0x24880000, 0x29880000)
  eden space 4416K,   0% used [0x24330000, 0x24330000, 0x24780000)
  from space 512K,   0% used [0x24780000, 0x24780ae8, 0x24800000)
  to   space 512K,   0% used [0x24800000, 0x24800000, 0x24880000)
 tenured generation   total 10944K, used 3761K [0x29880000, 0x2a330000, 0x34330000)
   the space 10944K,  34% used [0x29880000, 0x29c2c710, 0x29c2c800, 0x2a330000)
 compacting perm gen  total 12288K, used 2694K [0x34330000, 0x34f30000, 0x38330000)
   the space 12288K,  21% used [0x34330000, 0x345d1800, 0x345d1800, 0x34f30000)
    ro space 10240K,  44% used [0x38330000, 0x387a7808, 0x387a7a00, 0x38d30000)
    rw space 12288K,  52% used [0x38d30000, 0x3937e610, 0x3937e800, 0x39930000)
}

Deoptimization events (0 events):
No events

Internal exceptions (10 events):
Event: 17.358 Thread 0x051b9000 Threw 0x2435a338 at C:\re\jdk7u45\229\hotspot\src\share\vm\prims\jvm.cpp:1244
Event: 17.358 Thread 0x051b9000 Threw 0x2435d3c8 at C:\re\jdk7u45\229\hotspot\src\share\vm\prims\jvm.cpp:1244
Event: 17.359 Thread 0x051b9000 Threw 0x243632b8 at C:\re\jdk7u45\229\hotspot\src\share\vm\prims\jvm.cpp:1244
Event: 17.360 Thread 0x051b9000 Threw 0x24377590 at C:\re\jdk7u45\229\hotspot\src\share\vm\prims\jvm.cpp:1244
Event: 17.361 Thread 0x051b9000 Threw 0x2437fe98 at C:\re\jdk7u45\229\hotspot\src\share\vm\prims\jvm.cpp:1244
Event: 17.362 Thread 0x051b9000 Threw 0x24384200 at C:\re\jdk7u45\229\hotspot\src\share\vm\prims\jvm.cpp:1244
Event: 17.362 Thread 0x051b9000 Threw 0x243d34e8 at C:\re\jdk7u45\229\hotspot\src\share\vm\prims\jvm.cpp:1244
Event: 17.362 Thread 0x051b9000 Threw 0x243d6cc8 at C:\re\jdk7u45\229\hotspot\src\share\vm\prims\jvm.cpp:1244
Event: 17.364 Thread 0x051b9000 Threw 0x243ebb78 at C:\re\jdk7u45\229\hotspot\src\share\vm\prims\jvm.cpp:1244
Event: 17.367 Thread 0x0a9bd800 Threw 0x243fa410 at C:\re\jdk7u45\229\hotspot\src\share\vm\prims\jvm.cpp:1244

Events (10 events):
Event: 332.737 Executing VM operation: GenCollectForAllocation
Event: 332.738 Executing VM operation: GenCollectForAllocation done
Event: 333.681 Executing VM operation: GenCollectForAllocation
Event: 333.682 Executing VM operation: GenCollectForAllocation done
Event: 334.609 Executing VM operation: GenCollectForAllocation
Event: 334.610 Executing VM operation: GenCollectForAllocation done
Event: 335.538 Executing VM operation: GenCollectForAllocation
Event: 335.539 Executing VM operation: GenCollectForAllocation done
Event: 336.481 Executing VM operation: GenCollectForAllocation
Event: 336.482 Executing VM operation: GenCollectForAllocation done


Dynamic libraries:
0x01360000 - 0x0138f000 	C:\Program Files (x86)\Java\jdk1.7.0_45\bin\java.exe
0x777b0000 - 0x77930000 	C:\Windows\SysWOW64\ntdll.dll
0x76c30000 - 0x76d40000 	C:\Windows\syswow64\kernel32.dll
0x767f0000 - 0x76837000 	C:\Windows\syswow64\KERNELBASE.dll
0x55bc0000 - 0x55cdb000 	C:\Windows\system32\sftldr_wow64.dll
0x757d0000 - 0x758d0000 	C:\Windows\syswow64\USER32.dll
0x759a0000 - 0x75a30000 	C:\Windows\syswow64\GDI32.dll
0x75990000 - 0x7599a000 	C:\Windows\syswow64\LPK.dll
0x76850000 - 0x768ed000 	C:\Windows\syswow64\USP10.dll
0x76680000 - 0x7672c000 	C:\Windows\syswow64\msvcrt.dll
0x768f0000 - 0x76990000 	C:\Windows\syswow64\ADVAPI32.dll
0x76730000 - 0x76749000 	C:\Windows\SysWOW64\sechost.dll
0x74f20000 - 0x75010000 	C:\Windows\syswow64\RPCRT4.dll
0x74e90000 - 0x74ef0000 	C:\Windows\syswow64\SspiCli.dll
0x74e80000 - 0x74e8c000 	C:\Windows\syswow64\CRYPTBASE.dll
0x751c0000 - 0x7531c000 	C:\Windows\syswow64\ole32.dll
0x73b30000 - 0x73b47000 	C:\Windows\system32\USERENV.dll
0x73b20000 - 0x73b2b000 	C:\Windows\system32\profapi.dll
0x75a30000 - 0x7667b000 	C:\Windows\syswow64\SHELL32.dll
0x758d0000 - 0x75927000 	C:\Windows\syswow64\SHLWAPI.dll
0x73ac0000 - 0x73b12000 	C:\Windows\system32\faultrep.dll
0x745b0000 - 0x7474e000 	C:\Windows\WinSxS\x86_microsoft.windows.common-controls_6595b64144ccf1df_6.0.7601.17514_none_41e6975e2bd6f2b2\COMCTL32.dll
0x76e60000 - 0x76ec0000 	C:\Windows\system32\IMM32.DLL
0x76b60000 - 0x76c2c000 	C:\Windows\syswow64\MSCTF.dll
0x76750000 - 0x767df000 	C:\Windows\syswow64\oleaut32.dll
0x59f20000 - 0x59fdf000 	C:\Program Files (x86)\Java\jdk1.7.0_45\jre\bin\msvcr100.dll
0x55840000 - 0x55bc0000 	C:\Program Files (x86)\Java\jdk1.7.0_45\jre\bin\client\jvm.dll
0x74960000 - 0x74967000 	C:\Windows\system32\WSOCK32.dll
0x754f0000 - 0x75525000 	C:\Windows\syswow64\WS2_32.dll
0x767e0000 - 0x767e6000 	C:\Windows\syswow64\NSI.dll
0x74c80000 - 0x74cb2000 	C:\Windows\system32\WINMM.dll
0x77780000 - 0x77785000 	C:\Windows\syswow64\PSAPI.DLL
0x6cf80000 - 0x6cf8c000 	C:\Program Files (x86)\Java\jdk1.7.0_45\jre\bin\verify.dll
0x5b4e0000 - 0x5b500000 	C:\Program Files (x86)\Java\jdk1.7.0_45\jre\bin\java.dll
0x5b4c0000 - 0x5b4d3000 	C:\Program Files (x86)\Java\jdk1.7.0_45\jre\bin\zip.dll
0x556f0000 - 0x55833000 	C:\Program Files (x86)\Java\jdk1.7.0_45\jre\bin\awt.dll
0x703d0000 - 0x703e3000 	C:\Windows\System32\dwmapi.dll
0x73be0000 - 0x73c60000 	C:\Windows\System32\uxtheme.dll
0x11320000 - 0x1134a000 	C:\Program Files (x86)\NetSupport\NetSupport School\PCIAPPCTRL.DLL
0x74c70000 - 0x74c79000 	C:\Windows\system32\VERSION.dll
0x709c0000 - 0x709d0000 	C:\Windows\system32\LSKHOOK.DLL
0x5b480000 - 0x5b4b8000 	C:\Program Files (x86)\Java\jdk1.7.0_45\jre\bin\fontmanager.dll
0x5b460000 - 0x5b474000 	C:\Program Files (x86)\Java\jdk1.7.0_45\jre\bin\net.dll
0x607b0000 - 0x607ce000 	C:\Program Files (x86)\NetSupport\NetSupport School\nslsp.dll
0x74570000 - 0x745ac000 	C:\Windows\System32\mswsock.dll
0x70c00000 - 0x70c06000 	C:\Windows\System32\wship6.dll
0x6cf70000 - 0x6cf7f000 	C:\Program Files (x86)\Java\jdk1.7.0_45\jre\bin\nio.dll
0x5b430000 - 0x5b460000 	C:\Program Files (x86)\Java\jdk1.7.0_45\jre\bin\t2k.dll
0x55630000 - 0x556ee000 	C:\Users\sallinlu\AppData\Local\Temp\javacpp18525834563312\msvcr100.dll
0x59eb0000 - 0x59f19000 	C:\Users\sallinlu\AppData\Local\Temp\javacpp18525834563312\msvcp100.dll
0x55420000 - 0x55624000 	C:\Users\sallinlu\AppData\Local\Temp\javacpp18525834563312\opencv_core246.dll
0x553a0000 - 0x55415000 	C:\Users\sallinlu\AppData\Local\Temp\javacpp18525834563312\jniopencv_core.dll
0x63c90000 - 0x63c9a000 	C:\Program Files (x86)\Java\jdk1.7.0_45\jre\bin\jsound.dll
0x63ce0000 - 0x63ce9000 	C:\Program Files (x86)\Java\jdk1.7.0_45\jre\bin\jsoundds.dll
0x55320000 - 0x55392000 	C:\Windows\system32\DSOUND.dll
0x62dd0000 - 0x62df5000 	C:\Windows\system32\POWRPROF.dll
0x75320000 - 0x754bd000 	C:\Windows\syswow64\SETUPAPI.dll
0x74ef0000 - 0x74f17000 	C:\Windows\syswow64\CFGMGR32.dll
0x76a20000 - 0x76a32000 	C:\Windows\syswow64\DEVOBJ.dll
0x6dfe0000 - 0x6e019000 	C:\Windows\system32\MMDevAPI.DLL
0x6de40000 - 0x6df35000 	C:\Windows\system32\PROPSYS.dll
0x6dfb0000 - 0x6dfe0000 	C:\Windows\system32\wdmaud.drv
0x6dfa0000 - 0x6dfa4000 	C:\Windows\system32\ksuser.dll
0x6df90000 - 0x6df97000 	C:\Windows\system32\AVRT.dll
0x6de00000 - 0x6de36000 	C:\Windows\system32\AUDIOSES.DLL
0x6df80000 - 0x6df88000 	C:\Windows\system32\msacm32.drv
0x749b0000 - 0x749c4000 	C:\Windows\system32\MSACM32.dll
0x6df70000 - 0x6df77000 	C:\Windows\system32\midimap.dll
0x75010000 - 0x75093000 	C:\Windows\syswow64\CLBCatQ.DLL
0x70fc0000 - 0x71d59000 	C:\Users\sallinlu\AppData\Local\Temp\javacpp18525834563312\opencv_ffmpeg246.dll
0x550b0000 - 0x5531a000 	C:\Users\sallinlu\AppData\Local\Temp\javacpp18525834563312\opencv_imgproc246.dll
0x54ea0000 - 0x550aa000 	C:\Users\sallinlu\AppData\Local\Temp\javacpp18525834563312\opencv_highgui246.dll
0x59e90000 - 0x59ea9000 	C:\Windows\system32\AVIFIL32.dll
0x54e70000 - 0x54e91000 	C:\Windows\system32\MSVFW32.dll
0x59e70000 - 0x59e83000 	C:\Windows\system32\AVICAP32.dll
0x62b20000 - 0x62b2f000 	C:\Users\sallinlu\AppData\Local\Temp\javacpp18525834563312\jniopencv_highgui.dll
0x6cfe0000 - 0x6cff4000 	C:\Windows\SysWOW64\devenum.dll
0x709d0000 - 0x709f1000 	C:\Windows\system32\ntmarta.dll
0x75540000 - 0x75585000 	C:\Windows\syswow64\WLDAP32.dll
0x76ec0000 - 0x76eed000 	C:\Windows\syswow64\WINTRUST.dll
0x76a40000 - 0x76b60000 	C:\Windows\syswow64\CRYPT32.dll
0x75530000 - 0x7553c000 	C:\Windows\syswow64\MSASN1.dll
0x6e560000 - 0x6e56b000 	C:\Windows\system32\msdmo.dll
0x59c70000 - 0x59ca2000 	C:\Windows\SysWOW64\qcap.dll
0x54cf0000 - 0x54e67000 	C:\Windows\SysWOW64\quartz.dll
0x54cb0000 - 0x54ce3000 	C:\Windows\SysWOW64\ksproxy.ax
0x620b0000 - 0x62273000 	C:\Windows\SysWOW64\d3d9.dll
0x6edd0000 - 0x6edd6000 	C:\Windows\SysWOW64\d3d8thk.dll
0x5b420000 - 0x5b429000 	C:\Windows\SysWOW64\vidcap.ax
0x54c90000 - 0x54cad000 	C:\Windows\SysWOW64\Kswdmcap.ax
0x74ad0000 - 0x74bec000 	C:\Windows\SysWOW64\MFC42.dll
0x74a40000 - 0x74acc000 	C:\Windows\SysWOW64\ODBC32.dll
0x74970000 - 0x749a8000 	C:\Windows\SysWOW64\odbcint.dll
0x54c10000 - 0x54c90000 	C:\Windows\SysWOW64\qedit.dll
0x75750000 - 0x757cb000 	C:\Windows\syswow64\COMDLG32.dll
0x74320000 - 0x744b0000 	C:\Windows\WinSxS\x86_microsoft.windows.gdiplus_6595b64144ccf1df_1.1.7601.18120_none_72d2e82386681b36\gdiplus.dll
0x54b20000 - 0x54c07000 	C:\Windows\system32\DDRAW.dll
0x5b620000 - 0x5b626000 	C:\Windows\system32\DCIMAN32.dll
0x54a50000 - 0x54b1c000 	C:\Windows\system32\D3DIM700.DLL
0x59c50000 - 0x59c59000 	C:\Windows\system32\msyuv.dll
0x54a10000 - 0x54a49000 	C:\Users\sallinlu\AppData\Local\Temp\javacpp18525834563312\jniopencv_imgproc.dll
0x68c80000 - 0x68c9b000 	C:\Users\sallinlu\.jssc\windows\jSSC-2.6_x86.dll
0x10000000 - 0x10013000 	C:\Users\sallinlu\Desktop\UWTSFR\Projet\Projet\jinput-dx8.dll
0x549e0000 - 0x54a10000 	C:\Windows\system32\DINPUT8.dll
0x549d0000 - 0x549d9000 	C:\Windows\system32\HID.DLL
0x04de0000 - 0x04df2000 	C:\Users\sallinlu\Desktop\UWTSFR\Projet\Projet\jinput-raw.dll
0x11200000 - 0x11219000 	C:\Program Files (x86)\NetSupport\NetSupport School\PCIHOOKS.DLL

VM Arguments:
jvm_args: -Dfile.encoding=UTF-8 
java_command: projet.Projet
Launcher Type: SUN_STANDARD

Environment Variables:
PATH=B:\TJ8URBTP.W7F\VFS\SFT_SYSTEM32_X64\;C:\Program Files (x86)\Microsoft Application Virtualization Client\;C:\Program Files (x86)\PC Connectivity Solution\;C:\Windows\system32;C:\Windows;C:\Windows\System32\Wbem;C:\Windows\System32\WindowsPowerShell\v1.0\;C:\Program Files\MySQL\MySQL Server 5.5\bin;C:\Program Files (x86)\Microchip\MPLAB C32 Suite\bin;C:\Program Files (x86)\Microchip\MPLAB IDE\VDI;C:\Program Files (x86)\HI-TECH Software\PICC\9.70\bin;C:\Program Files (x86)\Intel\OpenCL SDK\2.0\bin\x86;C:\Program Files (x86)\Intel\OpenCL SDK\2.0\bin\x64;C:\Windows\system32\wbem;C:\Program Files (x86)\IVT Corporation\BlueSoleil\Mobile;C:\Program Files (x86)\Microsoft Application Virtualization Client
USERNAME=sallinlu
OS=Windows_NT
PROCESSOR_IDENTIFIER=Intel64 Family 6 Model 58 Stepping 9, GenuineIntel



---------------  S Y S T E M  ---------------

OS: Windows 7 , 64 bit Build 7601 Service Pack 1

CPU:total 4 (4 cores per cpu, 1 threads per core) family 6 model 58 stepping 9, cmov, cx8, fxsr, mmx, sse, sse2, sse3, ssse3, sse4.1, sse4.2, popcnt, avx, aes, erms, tsc, tscinvbit, tscinv

Memory: 4k page, physical 8259664k(3350040k free), swap 16517472k(11117016k free)

vm_info: Java HotSpot(TM) Client VM (24.45-b08) for windows-x86 JRE (1.7.0_45-b18), built on Oct  8 2013 06:02:43 by "java_re" with unknown MS VC++:1600

time: Mon Mar 31 13:01:28 2014
elapsed time: 337 seconds

